D:\DOCUMENTS\GIT\CIS460_HW2\STARTER CODE GLUT\STARTER CODE GLUT\STARTER CODE GLUT\DEBUG\GLEW.OBJ
D:\DOCUMENTS\GIT\CIS460_HW2\STARTER CODE GLUT\STARTER CODE GLUT\STARTER CODE GLUT\DEBUG\VC100.PDB
D:\DOCUMENTS\GIT\CIS460_HW2\STARTER CODE GLUT\STARTER CODE GLUT\STARTER CODE GLUT\DEBUG\MAIN.OBJ
D:\DOCUMENTS\GIT\CIS460_HW2\HOMEWORK2_SCENEGRAPH\STARTER CODE GLUT\DEBUG\GLEW.OBJ
D:\DOCUMENTS\GIT\CIS460_HW2\HOMEWORK2_SCENEGRAPH\STARTER CODE GLUT\DEBUG\VC110.PDB
D:\DOCUMENTS\GIT\CIS460_HW2\HOMEWORK2_SCENEGRAPH\STARTER CODE GLUT\DEBUG\MAIN.OBJ
D:\DOCUMENTS\GIT\CIS460_HW2\STARTER CODE GLUT\STARTER CODE GLUT\DEBUG\STARTER CODE GLUT.ILK
D:\DOCUMENTS\GIT\CIS460_HW2\STARTER CODE GLUT\STARTER CODE GLUT\DEBUG\STARTER CODE GLUT.EXE
D:\DOCUMENTS\GIT\CIS460_HW2\STARTER CODE GLUT\STARTER CODE GLUT\STARTER CODE GLUT\DEBUG\STARTER CODE GLUT.EXE.INTERMEDIATE.MANIFEST
D:\DOCUMENTS\GIT\CIS460_HW2\STARTER CODE GLUT\STARTER CODE GLUT\DEBUG\STARTER CODE GLUT.PDB
D:\DOCUMENTS\GIT\CIS460_HW2\STARTER CODE GLUT\STARTER CODE GLUT\STARTER CODE GLUT\DEBUG\STARTER CODE GLUT.EXE.EMBED.MANIFEST
D:\DOCUMENTS\GIT\CIS460_HW2\STARTER CODE GLUT\STARTER CODE GLUT\STARTER CODE GLUT\DEBUG\STARTER CODE GLUT.EXE.EMBED.MANIFEST.RES
D:\Documents\Git\CIS460_HW2\Homework2_SceneGraph\Starter Code GLUT\Debug\Starter Code GLUT.vcxprojResolveAssemblyReference.cache
D:\Documents\Git\CIS460_HW2\Homework2_SceneGraph\Starter Code GLUT\Debug\glew.obj
D:\Documents\Git\CIS460_HW2\Homework2_SceneGraph\Starter Code GLUT\Debug\main.obj
D:\Documents\Git\CIS460_HW2\Homework2_SceneGraph\Starter Code GLUT\Debug\cl.command.1.tlog
D:\Documents\Git\CIS460_HW2\Homework2_SceneGraph\Starter Code GLUT\Debug\CL.read.1.tlog
D:\Documents\Git\CIS460_HW2\Homework2_SceneGraph\Starter Code GLUT\Debug\CL.write.1.tlog
D:\Documents\Git\CIS460_HW2\Homework2_SceneGraph\Starter Code GLUT\Debug\link-cvtres.read.1.tlog
D:\Documents\Git\CIS460_HW2\Homework2_SceneGraph\Starter Code GLUT\Debug\link-cvtres.write.1.tlog
D:\Documents\Git\CIS460_HW2\Homework2_SceneGraph\Starter Code GLUT\Debug\link-rc.read.1.tlog
D:\Documents\Git\CIS460_HW2\Homework2_SceneGraph\Starter Code GLUT\Debug\link-rc.write.1.tlog
D:\Documents\Git\CIS460_HW2\Homework2_SceneGraph\Starter Code GLUT\Debug\link.6096-cvtres.read.1.tlog
D:\Documents\Git\CIS460_HW2\Homework2_SceneGraph\Starter Code GLUT\Debug\link.6096-cvtres.write.1.tlog
D:\Documents\Git\CIS460_HW2\Homework2_SceneGraph\Starter Code GLUT\Debug\link.6096.read.1.tlog
D:\Documents\Git\CIS460_HW2\Homework2_SceneGraph\Starter Code GLUT\Debug\link.6096.write.1.tlog
D:\Documents\Git\CIS460_HW2\Homework2_SceneGraph\Starter Code GLUT\Debug\link.command.1.tlog
D:\Documents\Git\CIS460_HW2\Homework2_SceneGraph\Starter Code GLUT\Debug\link.read.1.tlog
D:\Documents\Git\CIS460_HW2\Homework2_SceneGraph\Starter Code GLUT\Debug\link.write.1.tlog
D:\Documents\Git\CIS460_HW2\Homework2_SceneGraph\Starter Code GLUT\Debug\mt.command.1.tlog
D:\Documents\Git\CIS460_HW2\Homework2_SceneGraph\Starter Code GLUT\Debug\mt.read.1.tlog
D:\Documents\Git\CIS460_HW2\Homework2_SceneGraph\Starter Code GLUT\Debug\mt.write.1.tlog
D:\Documents\Git\CIS460_HW2\Homework2_SceneGraph\Starter Code GLUT\Debug\rc.command.1.tlog
D:\Documents\Git\CIS460_HW2\Homework2_SceneGraph\Starter Code GLUT\Debug\rc.read.1.tlog
D:\Documents\Git\CIS460_HW2\Homework2_SceneGraph\Starter Code GLUT\Debug\rc.write.1.tlog
D:\Documents\Git\CIS460_HW2\Homework2_SceneGraph\Starter Code GLUT\Debug\Starter Code GLUT.write.1.tlog
D:\Documents\Git\CIS460_HW2\Homework2_SceneGraph\Starter Code GLUT\Debug\Starter Code GLUT.exe.embed.manifest
D:\Documents\Git\CIS460_HW2\Homework2_SceneGraph\Starter Code GLUT\Debug\Starter Code GLUT.exe.intermediate.manifest
D:\Documents\Git\CIS460_HW2\Homework2_SceneGraph\Starter Code GLUT\Debug\Starter Code GLUT.exe.embed.manifest.res
D:\Documents\Git\CIS460_HW2\Homework2_SceneGraph\Starter Code GLUT\Debug\vc100.idb
D:\Documents\Git\CIS460_HW2\Homework2_SceneGraph\Starter Code GLUT\Debug\vc110.idb
D:\Documents\Git\CIS460_HW2\Homework2_SceneGraph\Starter Code GLUT\Debug\vc100.pdb
D:\Documents\Git\CIS460_HW2\Homework2_SceneGraph\Starter Code GLUT\Debug\vc110.pdb
D:\Documents\Git\CIS460_HW2\Homework2_SceneGraph\Starter Code GLUT\Debug\Starter Code GLUT_manifest.rc
D:\Documents\Git\CIS460_HW2\Homework2_SceneGraph\Debug\Starter Code GLUT.pdb
