Build started 10/15/2013 6:58:46 PM.
     1>Project "C:\Users\James\Documents\GitHub\CIS460_HW2\Homework2_SceneGraph\Starter Code GLUT\Starter Code GLUT.vcxproj" on node 2 (Build target(s)).
     1>ClCompile:
         C:\Program Files (x86)\Microsoft Visual Studio 11.0\VC\bin\CL.exe /c /ZI /nologo /W3 /WX- /Od /Oy- /D WIN32 /D _DEBUG /D _CONSOLE /D _UNICODE /D UNICODE /Gm /EHsc /RTC1 /MDd /GS /fp:precise /Zc:wchar_t /Zc:forScope /Fo"Debug\\" /Fd"Debug\vc110.pdb" /Gd /TP /analyze- /errorReport:prompt primative.cpp
         primative.cpp
     1>c:\users\james\documents\github\cis460_hw2\homework2_scenegraph\starter code glut\primative.cpp(169): warning C4018: '<' : signed/unsigned mismatch
     1>c:\users\james\documents\github\cis460_hw2\homework2_scenegraph\starter code glut\primative.cpp(178): warning C4018: '<' : signed/unsigned mismatch
     1>c:\users\james\documents\github\cis460_hw2\homework2_scenegraph\starter code glut\primative.cpp(271): warning C4244: 'initializing' : conversion from 'double' to 'float', possible loss of data
     1>c:\users\james\documents\github\cis460_hw2\homework2_scenegraph\starter code glut\primative.cpp(317): warning C4018: '<' : signed/unsigned mismatch
     1>c:\users\james\documents\github\cis460_hw2\homework2_scenegraph\starter code glut\primative.cpp(329): warning C4018: '<' : signed/unsigned mismatch
     1>c:\users\james\documents\github\cis460_hw2\homework2_scenegraph\starter code glut\primative.cpp(334): warning C4018: '<' : signed/unsigned mismatch
     1>c:\users\james\documents\github\cis460_hw2\homework2_scenegraph\starter code glut\primative.cpp(344): warning C4018: '<' : signed/unsigned mismatch
     1>c:\users\james\documents\github\cis460_hw2\homework2_scenegraph\starter code glut\primative.cpp(375): warning C4018: '<' : signed/unsigned mismatch
     1>c:\users\james\documents\github\cis460_hw2\homework2_scenegraph\starter code glut\primative.cpp(382): warning C4018: '<' : signed/unsigned mismatch
     1>c:\users\james\documents\github\cis460_hw2\homework2_scenegraph\starter code glut\primative.cpp(480): warning C4018: '<' : signed/unsigned mismatch
     1>c:\users\james\documents\github\cis460_hw2\homework2_scenegraph\starter code glut\primative.cpp(488): warning C4018: '<' : signed/unsigned mismatch
       Link:
         C:\Program Files (x86)\Microsoft Visual Studio 11.0\VC\bin\link.exe /ERRORREPORT:PROMPT /OUT:"C:\Users\James\Documents\GitHub\CIS460_HW2\Homework2_SceneGraph\Debug\Starter Code GLUT.exe" /INCREMENTAL /NOLOGO /LIBPATH:../freeglut/lib kernel32.lib user32.lib gdi32.lib winspool.lib comdlg32.lib advapi32.lib shell32.lib ole32.lib oleaut32.lib uuid.lib odbc32.lib odbccp32.lib /MANIFEST /MANIFESTUAC:"level='asInvoker' uiAccess='false'" /manifest:embed /DEBUG /PDB:"C:\Users\James\Documents\GitHub\CIS460_HW2\Homework2_SceneGraph\Debug\Starter Code GLUT.pdb" /SUBSYSTEM:CONSOLE /TLBID:1 /DYNAMICBASE /NXCOMPAT /IMPLIB:"C:\Users\James\Documents\GitHub\CIS460_HW2\Homework2_SceneGraph\Debug\Starter Code GLUT.lib" /MACHINE:X86 Debug\furniture.obj
         Debug\primative.obj
         Debug\glew.obj
         Debug\main.obj
         Starter Code GLUT.vcxproj -> C:\Users\James\Documents\GitHub\CIS460_HW2\Homework2_SceneGraph\Debug\Starter Code GLUT.exe
     1>Done Building Project "C:\Users\James\Documents\GitHub\CIS460_HW2\Homework2_SceneGraph\Starter Code GLUT\Starter Code GLUT.vcxproj" (Build target(s)).

Build succeeded.

Time Elapsed 00:00:02.37
